{"/Users/olamilekanibrahim/Desktop/ireporter-react/src/index.js": {"path":"/Users/olamilekanibrahim/Desktop/ireporter-react/src/index.js","statementMap":{"0":{"start":{"line":18,"column":14},"end":{"line":24,"column":1}},"1":{"start":{"line":22,"column":65},"end":{"line":22,"column":66}},"2":{"start":{"line":26,"column":18},"end":{"line":26,"column":30}},"3":{"start":{"line":27,"column":0},"end":{"line":32,"column":1}},"4":{"start":{"line":28,"column":2},"end":{"line":31,"column":5}},"5":{"start":{"line":34,"column":12},"end":{"line":44,"column":1}},"6":{"start":{"line":35,"column":2},"end":{"line":43,"column":13}},"7":{"start":{"line":46,"column":0},"end":{"line":46,"column":57}}},"fnMap":{"0":{"name":"(anonymous_0)","decl":{"start":{"line":22,"column":60},"end":{"line":22,"column":61}},"loc":{"start":{"line":22,"column":65},"end":{"line":22,"column":66}},"line":22},"1":{"name":"(anonymous_1)","decl":{"start":{"line":34,"column":12},"end":{"line":34,"column":13}},"loc":{"start":{"line":35,"column":2},"end":{"line":43,"column":13}},"line":35}},"branchMap":{"0":{"loc":{"start":{"line":22,"column":4},"end":{"line":22,"column":66}},"type":"cond-expr","locations":[{"start":{"line":22,"column":31},"end":{"line":22,"column":57}},{"start":{"line":22,"column":60},"end":{"line":22,"column":66}}],"line":22},"1":{"loc":{"start":{"line":27,"column":0},"end":{"line":32,"column":1}},"type":"if","locations":[{"start":{"line":27,"column":0},"end":{"line":32,"column":1}},{"start":{"line":27,"column":0},"end":{"line":32,"column":1}}],"line":27}},"s":{"0":0,"1":0,"2":0,"3":0,"4":0,"5":0,"6":0,"7":0},"f":{"0":0,"1":0},"b":{"0":[0,0],"1":[0,0]},"hash":"9927d35bdb259b99142122da9b8077b79b9e67a2"}
,"/Users/olamilekanibrahim/Desktop/ireporter-react/src/routes.js": {"path":"/Users/olamilekanibrahim/Desktop/ireporter-react/src/routes.js","statementMap":{"0":{"start":{"line":13,"column":15},"end":{"line":39,"column":1}},"1":{"start":{"line":14,"column":31},"end":{"line":14,"column":36}},"2":{"start":{"line":15,"column":2},"end":{"line":38,"column":4}},"3":{"start":{"line":41,"column":24},"end":{"line":44,"column":2}},"4":{"start":{"line":41,"column":34},"end":{"line":44,"column":1}},"5":{"start":{"line":46,"column":29},"end":{"line":46,"column":44}}},"fnMap":{"0":{"name":"(anonymous_0)","decl":{"start":{"line":13,"column":15},"end":{"line":13,"column":16}},"loc":{"start":{"line":13,"column":26},"end":{"line":39,"column":1}},"line":13},"1":{"name":"(anonymous_1)","decl":{"start":{"line":41,"column":24},"end":{"line":41,"column":25}},"loc":{"start":{"line":41,"column":34},"end":{"line":44,"column":1}},"line":41},"2":{"name":"(anonymous_2)","decl":{"start":{"line":46,"column":23},"end":{"line":46,"column":24}},"loc":{"start":{"line":46,"column":29},"end":{"line":46,"column":44}},"line":46}},"branchMap":{"0":{"loc":{"start":{"line":28,"column":16},"end":{"line":28,"column":51}},"type":"binary-expr","locations":[{"start":{"line":28,"column":16},"end":{"line":28,"column":26}},{"start":{"line":28,"column":30},"end":{"line":28,"column":51}}],"line":28}},"s":{"0":0,"1":0,"2":0,"3":0,"4":0,"5":0},"f":{"0":0,"1":0,"2":0},"b":{"0":[0,0]},"hash":"19567b446022e24bec3c9ab4d6aefa2f4ffcc334"}
,"/Users/olamilekanibrahim/Desktop/ireporter-react/src/actions/actionTypes.js": {"path":"/Users/olamilekanibrahim/Desktop/ireporter-react/src/actions/actionTypes.js","statementMap":{"0":{"start":{"line":1,"column":24},"end":{"line":1,"column":34}},"1":{"start":{"line":2,"column":29},"end":{"line":2,"column":44}},"2":{"start":{"line":3,"column":29},"end":{"line":3,"column":44}},"3":{"start":{"line":4,"column":23},"end":{"line":4,"column":32}},"4":{"start":{"line":5,"column":23},"end":{"line":5,"column":32}},"5":{"start":{"line":6,"column":28},"end":{"line":6,"column":42}},"6":{"start":{"line":7,"column":22},"end":{"line":7,"column":30}},"7":{"start":{"line":8,"column":29},"end":{"line":8,"column":44}},"8":{"start":{"line":9,"column":26},"end":{"line":9,"column":38}}},"fnMap":{},"branchMap":{},"s":{"0":0,"1":0,"2":0,"3":0,"4":0,"5":0,"6":0,"7":0,"8":0},"f":{},"b":{},"hash":"5278e7f7157afb56f3ab6217f4259b0fd7f0e72b"}
,"/Users/olamilekanibrahim/Desktop/ireporter-react/src/actions/auth.js": {"path":"/Users/olamilekanibrahim/Desktop/ireporter-react/src/actions/auth.js","statementMap":{"0":{"start":{"line":4,"column":15},"end":{"line":4,"column":38}},"1":{"start":{"line":7,"column":26},"end":{"line":20,"column":1}},"2":{"start":{"line":7,"column":38},"end":{"line":20,"column":1}},"3":{"start":{"line":8,"column":2},"end":{"line":19,"column":3}},"4":{"start":{"line":9,"column":21},"end":{"line":9,"column":86}},"5":{"start":{"line":10,"column":4},"end":{"line":10,"column":54}},"6":{"start":{"line":11,"column":4},"end":{"line":15,"column":7}},"7":{"start":{"line":16,"column":4},"end":{"line":16,"column":16}},"8":{"start":{"line":18,"column":4},"end":{"line":18,"column":31}},"9":{"start":{"line":22,"column":26},"end":{"line":34,"column":1}},"10":{"start":{"line":22,"column":38},"end":{"line":34,"column":1}},"11":{"start":{"line":23,"column":2},"end":{"line":33,"column":3}},"12":{"start":{"line":24,"column":21},"end":{"line":24,"column":85}},"13":{"start":{"line":25,"column":4},"end":{"line":25,"column":54}},"14":{"start":{"line":26,"column":4},"end":{"line":29,"column":7}},"15":{"start":{"line":30,"column":4},"end":{"line":30,"column":16}},"16":{"start":{"line":32,"column":4},"end":{"line":32,"column":31}},"17":{"start":{"line":36,"column":22},"end":{"line":42,"column":1}},"18":{"start":{"line":36,"column":28},"end":{"line":42,"column":1}},"19":{"start":{"line":37,"column":2},"end":{"line":37,"column":35}},"20":{"start":{"line":38,"column":2},"end":{"line":41,"column":5}}},"fnMap":{"0":{"name":"(anonymous_0)","decl":{"start":{"line":7,"column":26},"end":{"line":7,"column":27}},"loc":{"start":{"line":7,"column":38},"end":{"line":20,"column":1}},"line":7},"1":{"name":"(anonymous_1)","decl":{"start":{"line":7,"column":38},"end":{"line":7,"column":39}},"loc":{"start":{"line":7,"column":58},"end":{"line":20,"column":1}},"line":7},"2":{"name":"(anonymous_2)","decl":{"start":{"line":22,"column":26},"end":{"line":22,"column":27}},"loc":{"start":{"line":22,"column":38},"end":{"line":34,"column":1}},"line":22},"3":{"name":"(anonymous_3)","decl":{"start":{"line":22,"column":38},"end":{"line":22,"column":39}},"loc":{"start":{"line":22,"column":58},"end":{"line":34,"column":1}},"line":22},"4":{"name":"(anonymous_4)","decl":{"start":{"line":36,"column":22},"end":{"line":36,"column":23}},"loc":{"start":{"line":36,"column":28},"end":{"line":42,"column":1}},"line":36},"5":{"name":"(anonymous_5)","decl":{"start":{"line":36,"column":28},"end":{"line":36,"column":29}},"loc":{"start":{"line":36,"column":48},"end":{"line":42,"column":1}},"line":36}},"branchMap":{},"s":{"0":0,"1":0,"2":0,"3":0,"4":0,"5":0,"6":0,"7":0,"8":0,"9":0,"10":0,"11":0,"12":0,"13":0,"14":0,"15":0,"16":0,"17":0,"18":0,"19":0,"20":0},"f":{"0":0,"1":0,"2":0,"3":0,"4":0,"5":0},"b":{},"hash":"6b1c8c3ede0b3c36621f60c8e93c6979c40506b6"}
,"/Users/olamilekanibrahim/Desktop/ireporter-react/src/actions/records.js": {"path":"/Users/olamilekanibrahim/Desktop/ireporter-react/src/actions/records.js","statementMap":{"0":{"start":{"line":5,"column":15},"end":{"line":5,"column":38}},"1":{"start":{"line":7,"column":28},"end":{"line":37,"column":1}},"2":{"start":{"line":7,"column":50},"end":{"line":37,"column":1}},"3":{"start":{"line":8,"column":2},"end":{"line":36,"column":3}},"4":{"start":{"line":10,"column":4},"end":{"line":14,"column":5}},"5":{"start":{"line":11,"column":6},"end":{"line":11,"column":41}},"6":{"start":{"line":13,"column":6},"end":{"line":13,"column":44}},"7":{"start":{"line":15,"column":18},"end":{"line":15,"column":47}},"8":{"start":{"line":16,"column":21},"end":{"line":24,"column":5}},"9":{"start":{"line":25,"column":4},"end":{"line":28,"column":7}},"10":{"start":{"line":29,"column":4},"end":{"line":29,"column":16}},"11":{"start":{"line":31,"column":4},"end":{"line":34,"column":7}},"12":{"start":{"line":35,"column":4},"end":{"line":35,"column":31}},"13":{"start":{"line":39,"column":28},"end":{"line":63,"column":1}},"14":{"start":{"line":39,"column":34},"end":{"line":63,"column":1}},"15":{"start":{"line":40,"column":2},"end":{"line":62,"column":3}},"16":{"start":{"line":41,"column":18},"end":{"line":41,"column":47}},"17":{"start":{"line":42,"column":19},"end":{"line":42,"column":36}},"18":{"start":{"line":43,"column":21},"end":{"line":50,"column":5}},"19":{"start":{"line":51,"column":4},"end":{"line":54,"column":7}},"20":{"start":{"line":55,"column":4},"end":{"line":55,"column":16}},"21":{"start":{"line":57,"column":4},"end":{"line":60,"column":7}},"22":{"start":{"line":61,"column":4},"end":{"line":61,"column":31}}},"fnMap":{"0":{"name":"(anonymous_0)","decl":{"start":{"line":7,"column":28},"end":{"line":7,"column":29}},"loc":{"start":{"line":7,"column":50},"end":{"line":37,"column":1}},"line":7},"1":{"name":"(anonymous_1)","decl":{"start":{"line":7,"column":50},"end":{"line":7,"column":51}},"loc":{"start":{"line":7,"column":70},"end":{"line":37,"column":1}},"line":7},"2":{"name":"(anonymous_2)","decl":{"start":{"line":39,"column":28},"end":{"line":39,"column":29}},"loc":{"start":{"line":39,"column":34},"end":{"line":63,"column":1}},"line":39},"3":{"name":"(anonymous_3)","decl":{"start":{"line":39,"column":34},"end":{"line":39,"column":35}},"loc":{"start":{"line":39,"column":54},"end":{"line":63,"column":1}},"line":39}},"branchMap":{"0":{"loc":{"start":{"line":10,"column":4},"end":{"line":14,"column":5}},"type":"if","locations":[{"start":{"line":10,"column":4},"end":{"line":14,"column":5}},{"start":{"line":10,"column":4},"end":{"line":14,"column":5}}],"line":10}},"s":{"0":0,"1":0,"2":0,"3":0,"4":0,"5":0,"6":0,"7":0,"8":0,"9":0,"10":0,"11":0,"12":0,"13":0,"14":0,"15":0,"16":0,"17":0,"18":0,"19":0,"20":0,"21":0,"22":0},"f":{"0":0,"1":0,"2":0,"3":0},"b":{"0":[0,0]},"hash":"0c72073ecdaceb40e1ac33150ec74437b7276664"}
,"/Users/olamilekanibrahim/Desktop/ireporter-react/src/actions/toast.js": {"path":"/Users/olamilekanibrahim/Desktop/ireporter-react/src/actions/toast.js","statementMap":{"0":{"start":{"line":4,"column":28},"end":{"line":9,"column":1}},"1":{"start":{"line":4,"column":39},"end":{"line":9,"column":1}},"2":{"start":{"line":5,"column":2},"end":{"line":7,"column":5}},"3":{"start":{"line":8,"column":2},"end":{"line":8,"column":25}},"4":{"start":{"line":11,"column":28},"end":{"line":16,"column":1}},"5":{"start":{"line":11,"column":39},"end":{"line":16,"column":1}},"6":{"start":{"line":12,"column":2},"end":{"line":14,"column":5}},"7":{"start":{"line":15,"column":2},"end":{"line":15,"column":23}}},"fnMap":{"0":{"name":"(anonymous_0)","decl":{"start":{"line":4,"column":28},"end":{"line":4,"column":29}},"loc":{"start":{"line":4,"column":39},"end":{"line":9,"column":1}},"line":4},"1":{"name":"(anonymous_1)","decl":{"start":{"line":4,"column":39},"end":{"line":4,"column":40}},"loc":{"start":{"line":4,"column":53},"end":{"line":9,"column":1}},"line":4},"2":{"name":"(anonymous_2)","decl":{"start":{"line":11,"column":28},"end":{"line":11,"column":29}},"loc":{"start":{"line":11,"column":39},"end":{"line":16,"column":1}},"line":11},"3":{"name":"(anonymous_3)","decl":{"start":{"line":11,"column":39},"end":{"line":11,"column":40}},"loc":{"start":{"line":11,"column":53},"end":{"line":16,"column":1}},"line":11}},"branchMap":{},"s":{"0":0,"1":0,"2":0,"3":0,"4":0,"5":0,"6":0,"7":0},"f":{"0":0,"1":0,"2":0,"3":0},"b":{},"hash":"ecf01e308e0e6e964d57422f94d5bf2f9eac4102"}
,"/Users/olamilekanibrahim/Desktop/ireporter-react/src/components/authWrapper.js": {"path":"/Users/olamilekanibrahim/Desktop/ireporter-react/src/components/authWrapper.js","statementMap":{"0":{"start":{"line":9,"column":2},"end":{"line":14,"column":6}},"1":{"start":{"line":11,"column":24},"end":{"line":13,"column":84}}},"fnMap":{"0":{"name":"(anonymous_0)","decl":{"start":{"line":8,"column":15},"end":{"line":8,"column":16}},"loc":{"start":{"line":9,"column":2},"end":{"line":14,"column":6}},"line":9},"1":{"name":"(anonymous_1)","decl":{"start":{"line":11,"column":14},"end":{"line":11,"column":15}},"loc":{"start":{"line":11,"column":24},"end":{"line":13,"column":84}},"line":11}},"branchMap":{"0":{"loc":{"start":{"line":11,"column":24},"end":{"line":13,"column":84}},"type":"cond-expr","locations":[{"start":{"line":12,"column":10},"end":{"line":12,"column":34}},{"start":{"line":13,"column":10},"end":{"line":13,"column":84}}],"line":11}},"s":{"0":0,"1":0},"f":{"0":0,"1":0},"b":{"0":[0,0]},"hash":"4b1eafec94501354341770284edc25c254470668"}
,"/Users/olamilekanibrahim/Desktop/ireporter-react/src/components/card.js": {"path":"/Users/olamilekanibrahim/Desktop/ireporter-react/src/components/card.js","statementMap":{"0":{"start":{"line":6,"column":13},"end":{"line":71,"column":1}},"1":{"start":{"line":7,"column":27},"end":{"line":7,"column":32}},"2":{"start":{"line":8,"column":2},"end":{"line":70,"column":4}},"3":{"start":{"line":73,"column":0},"end":{"line":76,"column":2}}},"fnMap":{"0":{"name":"(anonymous_0)","decl":{"start":{"line":6,"column":13},"end":{"line":6,"column":14}},"loc":{"start":{"line":6,"column":24},"end":{"line":71,"column":1}},"line":6}},"branchMap":{"0":{"loc":{"start":{"line":18,"column":12},"end":{"line":23,"column":20}},"type":"cond-expr","locations":[{"start":{"line":19,"column":14},"end":{"line":22,"column":20}},{"start":{"line":23,"column":16},"end":{"line":23,"column":20}}],"line":18},"1":{"loc":{"start":{"line":41,"column":16},"end":{"line":53,"column":24}},"type":"cond-expr","locations":[{"start":{"line":42,"column":18},"end":{"line":52,"column":24}},{"start":{"line":53,"column":20},"end":{"line":53,"column":24}}],"line":41}},"s":{"0":1,"1":1,"2":1,"3":1},"f":{"0":1},"b":{"0":[0,1],"1":[0,1]},"_coverageSchema":"43e27e138ebf9cfc5966b082cf9a028302ed4184","hash":"7b1f84280b5314c92b3b4208c14bbc7e6366140f"}
,"/Users/olamilekanibrahim/Desktop/ireporter-react/src/components/dashboard-filter.js": {"path":"/Users/olamilekanibrahim/Desktop/ireporter-react/src/components/dashboard-filter.js","statementMap":{"0":{"start":{"line":5,"column":2},"end":{"line":22,"column":8}}},"fnMap":{"0":{"name":"(anonymous_0)","decl":{"start":{"line":4,"column":15},"end":{"line":4,"column":16}},"loc":{"start":{"line":5,"column":2},"end":{"line":22,"column":8}},"line":5}},"branchMap":{},"s":{"0":1},"f":{"0":1},"b":{},"_coverageSchema":"43e27e138ebf9cfc5966b082cf9a028302ed4184","hash":"c67221c1fe4ee3d97dc2c09a36c2bd5c124c248b"}
,"/Users/olamilekanibrahim/Desktop/ireporter-react/src/components/dashboard-stats.js": {"path":"/Users/olamilekanibrahim/Desktop/ireporter-react/src/components/dashboard-stats.js","statementMap":{"0":{"start":{"line":5,"column":14},"end":{"line":30,"column":1}},"1":{"start":{"line":6,"column":22},"end":{"line":6,"column":27}},"2":{"start":{"line":7,"column":16},"end":{"line":7,"column":67}},"3":{"start":{"line":7,"column":41},"end":{"line":7,"column":66}},"4":{"start":{"line":8,"column":19},"end":{"line":8,"column":73}},"5":{"start":{"line":8,"column":44},"end":{"line":8,"column":72}},"6":{"start":{"line":9,"column":19},"end":{"line":9,"column":73}},"7":{"start":{"line":9,"column":44},"end":{"line":9,"column":72}},"8":{"start":{"line":10,"column":2},"end":{"line":29,"column":4}},"9":{"start":{"line":32,"column":24},"end":{"line":34,"column":2}},"10":{"start":{"line":32,"column":34},"end":{"line":34,"column":1}},"11":{"start":{"line":36,"column":0},"end":{"line":38,"column":2}},"12":{"start":{"line":40,"column":0},"end":{"line":42,"column":2}},"13":{"start":{"line":44,"column":29},"end":{"line":44,"column":44}}},"fnMap":{"0":{"name":"(anonymous_0)","decl":{"start":{"line":5,"column":14},"end":{"line":5,"column":15}},"loc":{"start":{"line":5,"column":25},"end":{"line":30,"column":1}},"line":5},"1":{"name":"(anonymous_1)","decl":{"start":{"line":7,"column":31},"end":{"line":7,"column":32}},"loc":{"start":{"line":7,"column":41},"end":{"line":7,"column":66}},"line":7},"2":{"name":"(anonymous_2)","decl":{"start":{"line":8,"column":34},"end":{"line":8,"column":35}},"loc":{"start":{"line":8,"column":44},"end":{"line":8,"column":72}},"line":8},"3":{"name":"(anonymous_3)","decl":{"start":{"line":9,"column":34},"end":{"line":9,"column":35}},"loc":{"start":{"line":9,"column":44},"end":{"line":9,"column":72}},"line":9},"4":{"name":"(anonymous_4)","decl":{"start":{"line":32,"column":24},"end":{"line":32,"column":25}},"loc":{"start":{"line":32,"column":34},"end":{"line":34,"column":1}},"line":32},"5":{"name":"(anonymous_5)","decl":{"start":{"line":44,"column":23},"end":{"line":44,"column":24}},"loc":{"start":{"line":44,"column":29},"end":{"line":44,"column":44}},"line":44}},"branchMap":{},"s":{"0":1,"1":1,"2":1,"3":0,"4":1,"5":0,"6":1,"7":0,"8":1,"9":1,"10":1,"11":1,"12":1,"13":1},"f":{"0":1,"1":0,"2":0,"3":0,"4":1,"5":1},"b":{},"_coverageSchema":"43e27e138ebf9cfc5966b082cf9a028302ed4184","hash":"1ed9863f9552c82f8a7d10060fa377a4f49b6002"}
,"/Users/olamilekanibrahim/Desktop/ireporter-react/src/components/footer.js": {"path":"/Users/olamilekanibrahim/Desktop/ireporter-react/src/components/footer.js","statementMap":{"0":{"start":{"line":3,"column":15},"end":{"line":7,"column":1}},"1":{"start":{"line":4,"column":2},"end":{"line":6,"column":11}}},"fnMap":{"0":{"name":"(anonymous_0)","decl":{"start":{"line":3,"column":15},"end":{"line":3,"column":16}},"loc":{"start":{"line":4,"column":2},"end":{"line":6,"column":11}},"line":4}},"branchMap":{},"s":{"0":1,"1":1},"f":{"0":1},"b":{},"_coverageSchema":"43e27e138ebf9cfc5966b082cf9a028302ed4184","hash":"67bcea023be93b08d15b416d8b5219109764672f"}
,"/Users/olamilekanibrahim/Desktop/ireporter-react/src/components/header.js": {"path":"/Users/olamilekanibrahim/Desktop/ireporter-react/src/components/header.js","statementMap":{"0":{"start":{"line":10,"column":15},"end":{"line":78,"column":1}},"1":{"start":{"line":11,"column":31},"end":{"line":11,"column":36}},"2":{"start":{"line":12,"column":22},"end":{"line":12,"column":26}},"3":{"start":{"line":14,"column":17},"end":{"line":17,"column":3}},"4":{"start":{"line":15,"column":4},"end":{"line":15,"column":19}},"5":{"start":{"line":16,"column":4},"end":{"line":16,"column":28}},"6":{"start":{"line":19,"column":2},"end":{"line":77,"column":4}},"7":{"start":{"line":71,"column":39},"end":{"line":71,"column":47}},"8":{"start":{"line":80,"column":24},"end":{"line":83,"column":2}},"9":{"start":{"line":80,"column":34},"end":{"line":83,"column":1}},"10":{"start":{"line":85,"column":29},"end":{"line":85,"column":44}}},"fnMap":{"0":{"name":"(anonymous_0)","decl":{"start":{"line":10,"column":15},"end":{"line":10,"column":16}},"loc":{"start":{"line":10,"column":26},"end":{"line":78,"column":1}},"line":10},"1":{"name":"(anonymous_1)","decl":{"start":{"line":14,"column":17},"end":{"line":14,"column":18}},"loc":{"start":{"line":14,"column":23},"end":{"line":17,"column":3}},"line":14},"2":{"name":"(anonymous_2)","decl":{"start":{"line":71,"column":33},"end":{"line":71,"column":34}},"loc":{"start":{"line":71,"column":39},"end":{"line":71,"column":47}},"line":71},"3":{"name":"(anonymous_3)","decl":{"start":{"line":80,"column":24},"end":{"line":80,"column":25}},"loc":{"start":{"line":80,"column":34},"end":{"line":83,"column":1}},"line":80},"4":{"name":"(anonymous_4)","decl":{"start":{"line":85,"column":23},"end":{"line":85,"column":24}},"loc":{"start":{"line":85,"column":29},"end":{"line":85,"column":44}},"line":85}},"branchMap":{"0":{"loc":{"start":{"line":29,"column":10},"end":{"line":34,"column":11}},"type":"binary-expr","locations":[{"start":{"line":29,"column":10},"end":{"line":29,"column":21}},{"start":{"line":31,"column":10},"end":{"line":33,"column":15}}],"line":29},"1":{"loc":{"start":{"line":36,"column":10},"end":{"line":41,"column":11}},"type":"binary-expr","locations":[{"start":{"line":36,"column":10},"end":{"line":36,"column":21}},{"start":{"line":38,"column":10},"end":{"line":40,"column":15}}],"line":36},"2":{"loc":{"start":{"line":44,"column":9},"end":{"line":49,"column":11}},"type":"binary-expr","locations":[{"start":{"line":44,"column":9},"end":{"line":44,"column":16}},{"start":{"line":46,"column":10},"end":{"line":48,"column":15}}],"line":44},"3":{"loc":{"start":{"line":52,"column":10},"end":{"line":57,"column":11}},"type":"binary-expr","locations":[{"start":{"line":52,"column":10},"end":{"line":52,"column":20}},{"start":{"line":54,"column":10},"end":{"line":56,"column":15}}],"line":52},"4":{"loc":{"start":{"line":60,"column":10},"end":{"line":65,"column":11}},"type":"binary-expr","locations":[{"start":{"line":60,"column":10},"end":{"line":60,"column":20}},{"start":{"line":62,"column":10},"end":{"line":64,"column":15}}],"line":60},"5":{"loc":{"start":{"line":68,"column":10},"end":{"line":73,"column":11}},"type":"binary-expr","locations":[{"start":{"line":68,"column":10},"end":{"line":68,"column":20}},{"start":{"line":70,"column":10},"end":{"line":72,"column":15}}],"line":68}},"s":{"0":0,"1":0,"2":0,"3":0,"4":0,"5":0,"6":0,"7":0,"8":0,"9":0,"10":0},"f":{"0":0,"1":0,"2":0,"3":0,"4":0},"b":{"0":[0,0],"1":[0,0],"2":[0,0],"3":[0,0],"4":[0,0],"5":[0,0]},"hash":"f300ce0282e6fd860aa2bfca252cacd940417ec3"}
,"/Users/olamilekanibrahim/Desktop/ireporter-react/src/components/spinner.js": {"path":"/Users/olamilekanibrahim/Desktop/ireporter-react/src/components/spinner.js","statementMap":{"0":{"start":{"line":5,"column":16},"end":{"line":15,"column":1}},"1":{"start":{"line":6,"column":22},"end":{"line":6,"column":27}},"2":{"start":{"line":7,"column":2},"end":{"line":14,"column":11}},"3":{"start":{"line":17,"column":0},"end":{"line":19,"column":2}}},"fnMap":{"0":{"name":"(anonymous_0)","decl":{"start":{"line":5,"column":16},"end":{"line":5,"column":17}},"loc":{"start":{"line":5,"column":27},"end":{"line":15,"column":1}},"line":5}},"branchMap":{"0":{"loc":{"start":{"line":7,"column":9},"end":{"line":14,"column":10}},"type":"cond-expr","locations":[{"start":{"line":8,"column":4},"end":{"line":13,"column":10}},{"start":{"line":14,"column":6},"end":{"line":14,"column":10}}],"line":7}},"s":{"0":1,"1":1,"2":1,"3":1},"f":{"0":1},"b":{"0":[1,0]},"_coverageSchema":"43e27e138ebf9cfc5966b082cf9a028302ed4184","hash":"c2feeef2c0c2a8443713e2344ec7139a1e2decd9"}
,"/Users/olamilekanibrahim/Desktop/ireporter-react/src/containers/admin.js": {"path":"/Users/olamilekanibrahim/Desktop/ireporter-react/src/containers/admin.js","statementMap":{"0":{"start":{"line":7,"column":14},"end":{"line":18,"column":1}},"1":{"start":{"line":8,"column":2},"end":{"line":17,"column":8}}},"fnMap":{"0":{"name":"(anonymous_0)","decl":{"start":{"line":7,"column":14},"end":{"line":7,"column":15}},"loc":{"start":{"line":8,"column":2},"end":{"line":17,"column":8}},"line":8}},"branchMap":{},"s":{"0":0,"1":0},"f":{"0":0},"b":{},"hash":"0cd6e63fca09a64810782aca8b5fd1ff6345a7e1"}
,"/Users/olamilekanibrahim/Desktop/ireporter-react/src/containers/home.js": {"path":"/Users/olamilekanibrahim/Desktop/ireporter-react/src/containers/home.js","statementMap":{"0":{"start":{"line":5,"column":13},"end":{"line":21,"column":1}},"1":{"start":{"line":6,"column":2},"end":{"line":20,"column":8}}},"fnMap":{"0":{"name":"(anonymous_0)","decl":{"start":{"line":5,"column":13},"end":{"line":5,"column":14}},"loc":{"start":{"line":6,"column":2},"end":{"line":20,"column":8}},"line":6}},"branchMap":{},"s":{"0":1,"1":1},"f":{"0":1},"b":{},"_coverageSchema":"43e27e138ebf9cfc5966b082cf9a028302ed4184","hash":"14b85c16f10f4719d3fdfe10234c5e0d3e0c55c7"}
,"/Users/olamilekanibrahim/Desktop/ireporter-react/src/containers/new-record.js": {"path":"/Users/olamilekanibrahim/Desktop/ireporter-react/src/containers/new-record.js","statementMap":{"0":{"start":{"line":13,"column":18},"end":{"line":99,"column":1}},"1":{"start":{"line":14,"column":38},"end":{"line":18,"column":4}},"2":{"start":{"line":19,"column":32},"end":{"line":19,"column":47}},"3":{"start":{"line":21,"column":22},"end":{"line":23,"column":3}},"4":{"start":{"line":22,"column":4},"end":{"line":22,"column":70}},"5":{"start":{"line":25,"column":17},"end":{"line":37,"column":3}},"6":{"start":{"line":26,"column":4},"end":{"line":36,"column":7}},"7":{"start":{"line":27,"column":24},"end":{"line":27,"column":27}},"8":{"start":{"line":28,"column":6},"end":{"line":34,"column":7}},"9":{"start":{"line":29,"column":8},"end":{"line":29,"column":26}},"10":{"start":{"line":30,"column":8},"end":{"line":32,"column":9}},"11":{"start":{"line":31,"column":10},"end":{"line":31,"column":63}},"12":{"start":{"line":31,"column":38},"end":{"line":31,"column":61}},"13":{"start":{"line":33,"column":8},"end":{"line":33,"column":41}},"14":{"start":{"line":35,"column":6},"end":{"line":35,"column":37}},"15":{"start":{"line":39,"column":27},"end":{"line":51,"column":3}},"16":{"start":{"line":40,"column":4},"end":{"line":40,"column":23}},"17":{"start":{"line":41,"column":4},"end":{"line":41,"column":21}},"18":{"start":{"line":42,"column":22},"end":{"line":42,"column":48}},"19":{"start":{"line":43,"column":19},"end":{"line":43,"column":21}},"20":{"start":{"line":44,"column":4},"end":{"line":49,"column":7}},"21":{"start":{"line":45,"column":6},"end":{"line":48,"column":7}},"22":{"start":{"line":46,"column":8},"end":{"line":46,"column":48}},"23":{"start":{"line":47,"column":8},"end":{"line":47,"column":55}},"24":{"start":{"line":50,"column":4},"end":{"line":50,"column":60}},"25":{"start":{"line":53,"column":2},"end":{"line":98,"column":4}},"26":{"start":{"line":101,"column":0},"end":{"line":105,"column":2}},"27":{"start":{"line":107,"column":30},"end":{"line":107,"column":32}}},"fnMap":{"0":{"name":"(anonymous_0)","decl":{"start":{"line":13,"column":18},"end":{"line":13,"column":19}},"loc":{"start":{"line":13,"column":29},"end":{"line":99,"column":1}},"line":13},"1":{"name":"(anonymous_1)","decl":{"start":{"line":21,"column":22},"end":{"line":21,"column":23}},"loc":{"start":{"line":21,"column":29},"end":{"line":23,"column":3}},"line":21},"2":{"name":"(anonymous_2)","decl":{"start":{"line":25,"column":17},"end":{"line":25,"column":18}},"loc":{"start":{"line":25,"column":23},"end":{"line":37,"column":3}},"line":25},"3":{"name":"(anonymous_3)","decl":{"start":{"line":26,"column":57},"end":{"line":26,"column":58}},"loc":{"start":{"line":26,"column":66},"end":{"line":36,"column":5}},"line":26},"4":{"name":"(anonymous_4)","decl":{"start":{"line":31,"column":31},"end":{"line":31,"column":32}},"loc":{"start":{"line":31,"column":38},"end":{"line":31,"column":61}},"line":31},"5":{"name":"(anonymous_5)","decl":{"start":{"line":39,"column":27},"end":{"line":39,"column":28}},"loc":{"start":{"line":39,"column":34},"end":{"line":51,"column":3}},"line":39},"6":{"name":"(anonymous_6)","decl":{"start":{"line":44,"column":22},"end":{"line":44,"column":23}},"loc":{"start":{"line":44,"column":33},"end":{"line":49,"column":5}},"line":44},"7":{"name":"(anonymous_7)","decl":{"start":{"line":107,"column":23},"end":{"line":107,"column":24}},"loc":{"start":{"line":107,"column":30},"end":{"line":107,"column":32}},"line":107}},"branchMap":{"0":{"loc":{"start":{"line":28,"column":6},"end":{"line":34,"column":7}},"type":"if","locations":[{"start":{"line":28,"column":6},"end":{"line":34,"column":7}},{"start":{"line":28,"column":6},"end":{"line":34,"column":7}}],"line":28},"1":{"loc":{"start":{"line":30,"column":8},"end":{"line":32,"column":9}},"type":"if","locations":[{"start":{"line":30,"column":8},"end":{"line":32,"column":9}},{"start":{"line":30,"column":8},"end":{"line":32,"column":9}}],"line":30},"2":{"loc":{"start":{"line":45,"column":6},"end":{"line":48,"column":7}},"type":"if","locations":[{"start":{"line":45,"column":6},"end":{"line":48,"column":7}},{"start":{"line":45,"column":6},"end":{"line":48,"column":7}}],"line":45},"3":{"loc":{"start":{"line":50,"column":11},"end":{"line":50,"column":59}},"type":"cond-expr","locations":[{"start":{"line":50,"column":31},"end":{"line":50,"column":39}},{"start":{"line":50,"column":42},"end":{"line":50,"column":59}}],"line":50},"4":{"loc":{"start":{"line":92,"column":14},"end":{"line":92,"column":103}},"type":"cond-expr","locations":[{"start":{"line":92,"column":24},"end":{"line":92,"column":53}},{"start":{"line":92,"column":56},"end":{"line":92,"column":103}}],"line":92}},"s":{"0":0,"1":0,"2":0,"3":0,"4":0,"5":0,"6":0,"7":0,"8":0,"9":0,"10":0,"11":0,"12":0,"13":0,"14":0,"15":0,"16":0,"17":0,"18":0,"19":0,"20":0,"21":0,"22":0,"23":0,"24":0,"25":0,"26":0,"27":0},"f":{"0":0,"1":0,"2":0,"3":0,"4":0,"5":0,"6":0,"7":0},"b":{"0":[0,0],"1":[0,0],"2":[0,0],"3":[0,0],"4":[0,0]},"hash":"b5c6c02347ac2aaca3c172f43c499d34408df9a1"}
,"/Users/olamilekanibrahim/Desktop/ireporter-react/src/containers/profile.js": {"path":"/Users/olamilekanibrahim/Desktop/ireporter-react/src/containers/profile.js","statementMap":{"0":{"start":{"line":12,"column":19},"end":{"line":20,"column":1}},"1":{"start":{"line":12,"column":41},"end":{"line":20,"column":1}},"2":{"start":{"line":14,"column":4},"end":{"line":18,"column":6}},"3":{"start":{"line":22,"column":16},"end":{"line":46,"column":1}},"4":{"start":{"line":23,"column":37},"end":{"line":23,"column":42}},"5":{"start":{"line":24,"column":32},"end":{"line":24,"column":46}},"6":{"start":{"line":25,"column":2},"end":{"line":30,"column":9}},"7":{"start":{"line":26,"column":4},"end":{"line":26,"column":21}},"8":{"start":{"line":27,"column":4},"end":{"line":29,"column":37}},"9":{"start":{"line":29,"column":18},"end":{"line":29,"column":35}},"10":{"start":{"line":32,"column":2},"end":{"line":45,"column":4}},"11":{"start":{"line":47,"column":24},"end":{"line":50,"column":2}},"12":{"start":{"line":47,"column":34},"end":{"line":50,"column":1}},"13":{"start":{"line":52,"column":0},"end":{"line":56,"column":2}}},"fnMap":{"0":{"name":"(anonymous_0)","decl":{"start":{"line":12,"column":19},"end":{"line":12,"column":20}},"loc":{"start":{"line":12,"column":41},"end":{"line":20,"column":1}},"line":12},"1":{"name":"(anonymous_1)","decl":{"start":{"line":13,"column":2},"end":{"line":13,"column":3}},"loc":{"start":{"line":14,"column":4},"end":{"line":18,"column":6}},"line":14},"2":{"name":"(anonymous_2)","decl":{"start":{"line":22,"column":16},"end":{"line":22,"column":17}},"loc":{"start":{"line":22,"column":27},"end":{"line":46,"column":1}},"line":22},"3":{"name":"(anonymous_3)","decl":{"start":{"line":25,"column":12},"end":{"line":25,"column":13}},"loc":{"start":{"line":25,"column":18},"end":{"line":30,"column":3}},"line":25},"4":{"name":"(anonymous_4)","decl":{"start":{"line":29,"column":12},"end":{"line":29,"column":13}},"loc":{"start":{"line":29,"column":18},"end":{"line":29,"column":35}},"line":29},"5":{"name":"(anonymous_5)","decl":{"start":{"line":47,"column":24},"end":{"line":47,"column":25}},"loc":{"start":{"line":47,"column":34},"end":{"line":50,"column":1}},"line":47}},"branchMap":{"0":{"loc":{"start":{"line":17,"column":12},"end":{"line":17,"column":39}},"type":"cond-expr","locations":[{"start":{"line":17,"column":22},"end":{"line":17,"column":29}},{"start":{"line":17,"column":32},"end":{"line":17,"column":39}}],"line":17},"1":{"loc":{"start":{"line":37,"column":10},"end":{"line":41,"column":61}},"type":"cond-expr","locations":[{"start":{"line":38,"column":12},"end":{"line":40,"column":18}},{"start":{"line":41,"column":14},"end":{"line":41,"column":61}}],"line":37}},"s":{"0":0,"1":0,"2":0,"3":0,"4":0,"5":0,"6":0,"7":0,"8":0,"9":0,"10":0,"11":0,"12":0,"13":0},"f":{"0":0,"1":0,"2":0,"3":0,"4":0,"5":0},"b":{"0":[0,0],"1":[0,0]},"hash":"855d5766898b7e7537ea4e30ea3b5230c569f0da"}
,"/Users/olamilekanibrahim/Desktop/ireporter-react/src/containers/signin.js": {"path":"/Users/olamilekanibrahim/Desktop/ireporter-react/src/containers/signin.js","statementMap":{"0":{"start":{"line":14,"column":15},"end":{"line":17,"column":1}},"1":{"start":{"line":19,"column":15},"end":{"line":100,"column":1}},"2":{"start":{"line":20,"column":34},"end":{"line":23,"column":4}},"3":{"start":{"line":25,"column":32},"end":{"line":25,"column":47}},"4":{"start":{"line":27,"column":22},"end":{"line":29,"column":3}},"5":{"start":{"line":28,"column":4},"end":{"line":28,"column":66}},"6":{"start":{"line":31,"column":25},"end":{"line":43,"column":3}},"7":{"start":{"line":32,"column":4},"end":{"line":42,"column":7}},"8":{"start":{"line":33,"column":24},"end":{"line":33,"column":27}},"9":{"start":{"line":34,"column":6},"end":{"line":40,"column":7}},"10":{"start":{"line":35,"column":8},"end":{"line":35,"column":26}},"11":{"start":{"line":36,"column":8},"end":{"line":38,"column":9}},"12":{"start":{"line":37,"column":10},"end":{"line":37,"column":63}},"13":{"start":{"line":37,"column":38},"end":{"line":37,"column":61}},"14":{"start":{"line":39,"column":8},"end":{"line":39,"column":41}},"15":{"start":{"line":41,"column":6},"end":{"line":41,"column":37}},"16":{"start":{"line":45,"column":27},"end":{"line":57,"column":3}},"17":{"start":{"line":46,"column":4},"end":{"line":46,"column":23}},"18":{"start":{"line":47,"column":4},"end":{"line":47,"column":21}},"19":{"start":{"line":48,"column":22},"end":{"line":48,"column":46}},"20":{"start":{"line":49,"column":19},"end":{"line":49,"column":21}},"21":{"start":{"line":50,"column":4},"end":{"line":55,"column":7}},"22":{"start":{"line":51,"column":6},"end":{"line":54,"column":7}},"23":{"start":{"line":52,"column":8},"end":{"line":52,"column":48}},"24":{"start":{"line":53,"column":8},"end":{"line":53,"column":55}},"25":{"start":{"line":56,"column":4},"end":{"line":56,"column":68}},"26":{"start":{"line":60,"column":2},"end":{"line":99,"column":4}},"27":{"start":{"line":70,"column":14},"end":{"line":77,"column":16}},"28":{"start":{"line":83,"column":28},"end":{"line":83,"column":47}},"29":{"start":{"line":102,"column":0},"end":{"line":106,"column":2}},"30":{"start":{"line":108,"column":30},"end":{"line":108,"column":32}}},"fnMap":{"0":{"name":"(anonymous_0)","decl":{"start":{"line":19,"column":15},"end":{"line":19,"column":16}},"loc":{"start":{"line":19,"column":26},"end":{"line":100,"column":1}},"line":19},"1":{"name":"(anonymous_1)","decl":{"start":{"line":27,"column":22},"end":{"line":27,"column":23}},"loc":{"start":{"line":27,"column":29},"end":{"line":29,"column":3}},"line":27},"2":{"name":"(anonymous_2)","decl":{"start":{"line":31,"column":25},"end":{"line":31,"column":26}},"loc":{"start":{"line":31,"column":31},"end":{"line":43,"column":3}},"line":31},"3":{"name":"(anonymous_3)","decl":{"start":{"line":32,"column":36},"end":{"line":32,"column":37}},"loc":{"start":{"line":32,"column":45},"end":{"line":42,"column":5}},"line":32},"4":{"name":"(anonymous_4)","decl":{"start":{"line":37,"column":31},"end":{"line":37,"column":32}},"loc":{"start":{"line":37,"column":38},"end":{"line":37,"column":61}},"line":37},"5":{"name":"(anonymous_5)","decl":{"start":{"line":45,"column":27},"end":{"line":45,"column":28}},"loc":{"start":{"line":45,"column":34},"end":{"line":57,"column":3}},"line":45},"6":{"name":"(anonymous_6)","decl":{"start":{"line":50,"column":22},"end":{"line":50,"column":23}},"loc":{"start":{"line":50,"column":33},"end":{"line":55,"column":5}},"line":50},"7":{"name":"(anonymous_7)","decl":{"start":{"line":69,"column":23},"end":{"line":69,"column":24}},"loc":{"start":{"line":70,"column":14},"end":{"line":77,"column":16}},"line":70},"8":{"name":"(anonymous_8)","decl":{"start":{"line":83,"column":23},"end":{"line":83,"column":24}},"loc":{"start":{"line":83,"column":28},"end":{"line":83,"column":47}},"line":83},"9":{"name":"(anonymous_9)","decl":{"start":{"line":108,"column":23},"end":{"line":108,"column":24}},"loc":{"start":{"line":108,"column":30},"end":{"line":108,"column":32}},"line":108}},"branchMap":{"0":{"loc":{"start":{"line":34,"column":6},"end":{"line":40,"column":7}},"type":"if","locations":[{"start":{"line":34,"column":6},"end":{"line":40,"column":7}},{"start":{"line":34,"column":6},"end":{"line":40,"column":7}}],"line":34},"1":{"loc":{"start":{"line":36,"column":8},"end":{"line":38,"column":9}},"type":"if","locations":[{"start":{"line":36,"column":8},"end":{"line":38,"column":9}},{"start":{"line":36,"column":8},"end":{"line":38,"column":9}}],"line":36},"2":{"loc":{"start":{"line":51,"column":6},"end":{"line":54,"column":7}},"type":"if","locations":[{"start":{"line":51,"column":6},"end":{"line":54,"column":7}},{"start":{"line":51,"column":6},"end":{"line":54,"column":7}}],"line":51},"3":{"loc":{"start":{"line":56,"column":11},"end":{"line":56,"column":67}},"type":"cond-expr","locations":[{"start":{"line":56,"column":31},"end":{"line":56,"column":47}},{"start":{"line":56,"column":50},"end":{"line":56,"column":67}}],"line":56},"4":{"loc":{"start":{"line":87,"column":16},"end":{"line":87,"column":99}},"type":"cond-expr","locations":[{"start":{"line":87,"column":26},"end":{"line":87,"column":55}},{"start":{"line":87,"column":58},"end":{"line":87,"column":99}}],"line":87}},"s":{"0":0,"1":0,"2":0,"3":0,"4":0,"5":0,"6":0,"7":0,"8":0,"9":0,"10":0,"11":0,"12":0,"13":0,"14":0,"15":0,"16":0,"17":0,"18":0,"19":0,"20":0,"21":0,"22":0,"23":0,"24":0,"25":0,"26":0,"27":0,"28":0,"29":0,"30":0},"f":{"0":0,"1":0,"2":0,"3":0,"4":0,"5":0,"6":0,"7":0,"8":0,"9":0},"b":{"0":[0,0],"1":[0,0],"2":[0,0],"3":[0,0],"4":[0,0]},"hash":"da5e01bdbf04a30729ad9d1e2e07012d5e1b15c8"}
,"/Users/olamilekanibrahim/Desktop/ireporter-react/src/containers/signup.js": {"path":"/Users/olamilekanibrahim/Desktop/ireporter-react/src/containers/signup.js","statementMap":{"0":{"start":{"line":14,"column":15},"end":{"line":22,"column":1}},"1":{"start":{"line":25,"column":15},"end":{"line":111,"column":1}},"2":{"start":{"line":26,"column":34},"end":{"line":34,"column":4}},"3":{"start":{"line":36,"column":32},"end":{"line":36,"column":47}},"4":{"start":{"line":38,"column":22},"end":{"line":40,"column":3}},"5":{"start":{"line":39,"column":4},"end":{"line":39,"column":66}},"6":{"start":{"line":42,"column":25},"end":{"line":54,"column":3}},"7":{"start":{"line":43,"column":4},"end":{"line":53,"column":7}},"8":{"start":{"line":44,"column":24},"end":{"line":44,"column":27}},"9":{"start":{"line":45,"column":6},"end":{"line":51,"column":7}},"10":{"start":{"line":46,"column":8},"end":{"line":46,"column":26}},"11":{"start":{"line":47,"column":8},"end":{"line":49,"column":9}},"12":{"start":{"line":48,"column":10},"end":{"line":48,"column":63}},"13":{"start":{"line":48,"column":38},"end":{"line":48,"column":61}},"14":{"start":{"line":50,"column":8},"end":{"line":50,"column":41}},"15":{"start":{"line":52,"column":6},"end":{"line":52,"column":37}},"16":{"start":{"line":56,"column":27},"end":{"line":68,"column":3}},"17":{"start":{"line":57,"column":4},"end":{"line":57,"column":23}},"18":{"start":{"line":58,"column":4},"end":{"line":58,"column":21}},"19":{"start":{"line":59,"column":22},"end":{"line":59,"column":46}},"20":{"start":{"line":60,"column":19},"end":{"line":60,"column":21}},"21":{"start":{"line":61,"column":4},"end":{"line":66,"column":7}},"22":{"start":{"line":62,"column":6},"end":{"line":65,"column":7}},"23":{"start":{"line":63,"column":8},"end":{"line":63,"column":48}},"24":{"start":{"line":64,"column":8},"end":{"line":64,"column":55}},"25":{"start":{"line":67,"column":4},"end":{"line":67,"column":68}},"26":{"start":{"line":71,"column":2},"end":{"line":110,"column":4}},"27":{"start":{"line":81,"column":14},"end":{"line":88,"column":16}},"28":{"start":{"line":87,"column":31},"end":{"line":87,"column":45}},"29":{"start":{"line":94,"column":26},"end":{"line":94,"column":45}},"30":{"start":{"line":113,"column":0},"end":{"line":117,"column":2}},"31":{"start":{"line":119,"column":30},"end":{"line":119,"column":32}}},"fnMap":{"0":{"name":"(anonymous_0)","decl":{"start":{"line":25,"column":15},"end":{"line":25,"column":16}},"loc":{"start":{"line":25,"column":26},"end":{"line":111,"column":1}},"line":25},"1":{"name":"(anonymous_1)","decl":{"start":{"line":38,"column":22},"end":{"line":38,"column":23}},"loc":{"start":{"line":38,"column":29},"end":{"line":40,"column":3}},"line":38},"2":{"name":"(anonymous_2)","decl":{"start":{"line":42,"column":25},"end":{"line":42,"column":26}},"loc":{"start":{"line":42,"column":31},"end":{"line":54,"column":3}},"line":42},"3":{"name":"(anonymous_3)","decl":{"start":{"line":43,"column":36},"end":{"line":43,"column":37}},"loc":{"start":{"line":43,"column":45},"end":{"line":53,"column":5}},"line":43},"4":{"name":"(anonymous_4)","decl":{"start":{"line":48,"column":31},"end":{"line":48,"column":32}},"loc":{"start":{"line":48,"column":38},"end":{"line":48,"column":61}},"line":48},"5":{"name":"(anonymous_5)","decl":{"start":{"line":56,"column":27},"end":{"line":56,"column":28}},"loc":{"start":{"line":56,"column":34},"end":{"line":68,"column":3}},"line":56},"6":{"name":"(anonymous_6)","decl":{"start":{"line":61,"column":22},"end":{"line":61,"column":23}},"loc":{"start":{"line":61,"column":33},"end":{"line":66,"column":5}},"line":61},"7":{"name":"(anonymous_7)","decl":{"start":{"line":80,"column":23},"end":{"line":80,"column":24}},"loc":{"start":{"line":81,"column":14},"end":{"line":88,"column":16}},"line":81},"8":{"name":"(anonymous_8)","decl":{"start":{"line":87,"column":26},"end":{"line":87,"column":27}},"loc":{"start":{"line":87,"column":31},"end":{"line":87,"column":45}},"line":87},"9":{"name":"(anonymous_9)","decl":{"start":{"line":94,"column":21},"end":{"line":94,"column":22}},"loc":{"start":{"line":94,"column":26},"end":{"line":94,"column":45}},"line":94},"10":{"name":"(anonymous_10)","decl":{"start":{"line":119,"column":23},"end":{"line":119,"column":24}},"loc":{"start":{"line":119,"column":30},"end":{"line":119,"column":32}},"line":119}},"branchMap":{"0":{"loc":{"start":{"line":45,"column":6},"end":{"line":51,"column":7}},"type":"if","locations":[{"start":{"line":45,"column":6},"end":{"line":51,"column":7}},{"start":{"line":45,"column":6},"end":{"line":51,"column":7}}],"line":45},"1":{"loc":{"start":{"line":47,"column":8},"end":{"line":49,"column":9}},"type":"if","locations":[{"start":{"line":47,"column":8},"end":{"line":49,"column":9}},{"start":{"line":47,"column":8},"end":{"line":49,"column":9}}],"line":47},"2":{"loc":{"start":{"line":62,"column":6},"end":{"line":65,"column":7}},"type":"if","locations":[{"start":{"line":62,"column":6},"end":{"line":65,"column":7}},{"start":{"line":62,"column":6},"end":{"line":65,"column":7}}],"line":62},"3":{"loc":{"start":{"line":67,"column":11},"end":{"line":67,"column":67}},"type":"cond-expr","locations":[{"start":{"line":67,"column":31},"end":{"line":67,"column":47}},{"start":{"line":67,"column":50},"end":{"line":67,"column":67}}],"line":67},"4":{"loc":{"start":{"line":98,"column":14},"end":{"line":98,"column":97}},"type":"cond-expr","locations":[{"start":{"line":98,"column":24},"end":{"line":98,"column":53}},{"start":{"line":98,"column":56},"end":{"line":98,"column":97}}],"line":98}},"s":{"0":0,"1":0,"2":0,"3":0,"4":0,"5":0,"6":0,"7":0,"8":0,"9":0,"10":0,"11":0,"12":0,"13":0,"14":0,"15":0,"16":0,"17":0,"18":0,"19":0,"20":0,"21":0,"22":0,"23":0,"24":0,"25":0,"26":0,"27":0,"28":0,"29":0,"30":0,"31":0},"f":{"0":0,"1":0,"2":0,"3":0,"4":0,"5":0,"6":0,"7":0,"8":0,"9":0,"10":0},"b":{"0":[0,0],"1":[0,0],"2":[0,0],"3":[0,0],"4":[0,0]},"hash":"5c643d6772936a74c8c80928d3664d34798cb849"}
,"/Users/olamilekanibrahim/Desktop/ireporter-react/src/reducers/authReducer.js": {"path":"/Users/olamilekanibrahim/Desktop/ireporter-react/src/reducers/authReducer.js","statementMap":{"0":{"start":{"line":5,"column":21},"end":{"line":8,"column":1}},"1":{"start":{"line":11,"column":2},"end":{"line":21,"column":3}},"2":{"start":{"line":13,"column":6},"end":{"line":13,"column":53}},"3":{"start":{"line":15,"column":6},"end":{"line":15,"column":53}},"4":{"start":{"line":17,"column":6},"end":{"line":17,"column":53}},"5":{"start":{"line":19,"column":6},"end":{"line":19,"column":45}},"6":{"start":{"line":20,"column":13},"end":{"line":20,"column":26}}},"fnMap":{"0":{"name":"(anonymous_0)","decl":{"start":{"line":10,"column":15},"end":{"line":10,"column":16}},"loc":{"start":{"line":10,"column":54},"end":{"line":22,"column":1}},"line":10}},"branchMap":{"0":{"loc":{"start":{"line":10,"column":16},"end":{"line":10,"column":36}},"type":"default-arg","locations":[{"start":{"line":10,"column":24},"end":{"line":10,"column":36}}],"line":10},"1":{"loc":{"start":{"line":10,"column":38},"end":{"line":10,"column":49}},"type":"default-arg","locations":[{"start":{"line":10,"column":47},"end":{"line":10,"column":49}}],"line":10},"2":{"loc":{"start":{"line":11,"column":2},"end":{"line":21,"column":3}},"type":"switch","locations":[{"start":{"line":12,"column":4},"end":{"line":13,"column":53}},{"start":{"line":14,"column":4},"end":{"line":15,"column":53}},{"start":{"line":16,"column":4},"end":{"line":17,"column":53}},{"start":{"line":18,"column":4},"end":{"line":19,"column":45}},{"start":{"line":20,"column":4},"end":{"line":20,"column":26}}],"line":11}},"s":{"0":0,"1":0,"2":0,"3":0,"4":0,"5":0,"6":0},"f":{"0":0},"b":{"0":[0],"1":[0],"2":[0,0,0,0,0]},"hash":"30ea0001d8f859fd762265b9c7331972afb4047c"}
,"/Users/olamilekanibrahim/Desktop/ireporter-react/src/reducers/recordsReducer.js": {"path":"/Users/olamilekanibrahim/Desktop/ireporter-react/src/reducers/recordsReducer.js","statementMap":{"0":{"start":{"line":3,"column":21},"end":{"line":6,"column":1}},"1":{"start":{"line":9,"column":2},"end":{"line":13,"column":3}},"2":{"start":{"line":11,"column":6},"end":{"line":11,"column":53}},"3":{"start":{"line":12,"column":13},"end":{"line":12,"column":26}}},"fnMap":{"0":{"name":"(anonymous_0)","decl":{"start":{"line":8,"column":15},"end":{"line":8,"column":16}},"loc":{"start":{"line":8,"column":54},"end":{"line":14,"column":1}},"line":8}},"branchMap":{"0":{"loc":{"start":{"line":8,"column":16},"end":{"line":8,"column":36}},"type":"default-arg","locations":[{"start":{"line":8,"column":24},"end":{"line":8,"column":36}}],"line":8},"1":{"loc":{"start":{"line":8,"column":38},"end":{"line":8,"column":49}},"type":"default-arg","locations":[{"start":{"line":8,"column":47},"end":{"line":8,"column":49}}],"line":8},"2":{"loc":{"start":{"line":9,"column":2},"end":{"line":13,"column":3}},"type":"switch","locations":[{"start":{"line":10,"column":4},"end":{"line":11,"column":53}},{"start":{"line":12,"column":4},"end":{"line":12,"column":26}}],"line":9}},"s":{"0":0,"1":0,"2":0,"3":0},"f":{"0":0},"b":{"0":[0],"1":[0],"2":[0,0]},"hash":"97ccd9eb2640740896ce7bd4321f92c0d9815ea7"}
,"/Users/olamilekanibrahim/Desktop/ireporter-react/src/reducers/rootReducer.js": {"path":"/Users/olamilekanibrahim/Desktop/ireporter-react/src/reducers/rootReducer.js","statementMap":{},"fnMap":{},"branchMap":{},"s":{},"f":{},"b":{},"hash":"ab2960e0a04f0daf0f2e0b3116f24386747165f3"}
,"/Users/olamilekanibrahim/Desktop/ireporter-react/src/reducers/toastReducer.js": {"path":"/Users/olamilekanibrahim/Desktop/ireporter-react/src/reducers/toastReducer.js","statementMap":{"0":{"start":{"line":3,"column":21},"end":{"line":5,"column":1}},"1":{"start":{"line":8,"column":2},"end":{"line":15,"column":3}},"2":{"start":{"line":10,"column":6},"end":{"line":10,"column":19}},"3":{"start":{"line":12,"column":6},"end":{"line":12,"column":19}},"4":{"start":{"line":14,"column":6},"end":{"line":14,"column":19}}},"fnMap":{"0":{"name":"(anonymous_0)","decl":{"start":{"line":7,"column":15},"end":{"line":7,"column":16}},"loc":{"start":{"line":7,"column":49},"end":{"line":16,"column":1}},"line":7}},"branchMap":{"0":{"loc":{"start":{"line":7,"column":16},"end":{"line":7,"column":36}},"type":"default-arg","locations":[{"start":{"line":7,"column":24},"end":{"line":7,"column":36}}],"line":7},"1":{"loc":{"start":{"line":8,"column":2},"end":{"line":15,"column":3}},"type":"switch","locations":[{"start":{"line":9,"column":4},"end":{"line":10,"column":19}},{"start":{"line":11,"column":4},"end":{"line":12,"column":19}},{"start":{"line":13,"column":4},"end":{"line":14,"column":19}}],"line":8}},"s":{"0":0,"1":0,"2":0,"3":0,"4":0},"f":{"0":0},"b":{"0":[0],"1":[0,0,0]},"hash":"da8b35ccf95d20bc93f4b0868dc025e3723a2285"}
}
